<?xml version="1.0" encoding="UTF-8"?>
<!-- Generated by org.testng.reporters.JUnitXMLReporter -->
<testsuite ignored="0" hostname="DanSannLab" failures="0" tests="4" name="Default test" time="0.048" errors="0" timestamp="2023-04-15T18:51:35 EDT">
  <testcase classname="ClassTests.DigitalIDTests" name="createNewDigitalIDValid" time="0.007"/>
  <testcase classname="ClassTests.DigitalIDTests" name="getSocialCreditScoreValid" time="0.002"/>
  <testcase classname="ClassTests.IDtests" name="creatingNewIDValid" time="0.001"/>
  <testcase classname="ClassTests.IDtests" name="getAddressValid" time="0.001"/>
</testsuite> <!-- Default test -->
